2022-09-22T11:57:28.482-0500 INFO Starting ConsumoMsApplication using Java 1.8.0_342 on ehernandez-laptop with PID 19688 (/home/ehernandez/eclipse-workspace/consumo-ms/target/classes started by ehernandez in /home/ehernandez/eclipse-workspace/consumo-ms)
2022-09-22T11:57:28.497-0500 INFO No active profile set, falling back to 1 default profile: "default"
2022-09-22T11:57:30.391-0500 INFO Started ConsumoMsApplication in 2.287 seconds (JVM running for 3.271)
2022-09-22T12:10:07.305-0500 INFO Starting ConsumoMsApplication using Java 1.8.0_342 on ehernandez-laptop with PID 20390 (/home/ehernandez/eclipse-workspace/consumo-ms/target/classes started by ehernandez in /home/ehernandez/eclipse-workspace/consumo-ms)
2022-09-22T12:10:07.313-0500 INFO No active profile set, falling back to 1 default profile: "default"
2022-09-22T12:10:09.395-0500 INFO Started ConsumoMsApplication in 2.471 seconds (JVM running for 3.611)
2022-09-22T12:11:25.616-0500 INFO usrjhgfda
2022-09-22T12:11:42.921-0500 INFO d
2022-09-22T12:11:46.445-0500 INFO s
2022-09-22T12:11:52.589-0500 INFO d
2022-09-22T12:11:52.589-0500 INFO s
2022-09-22T12:11:52.589-0500 INFO d
2022-09-22T12:11:52.589-0500 INFO a
2022-09-22T12:11:52.589-0500 INFO a
2022-09-22T12:11:52.589-0500 INFO a
2022-09-22T12:11:52.589-0500 INFO a
2022-09-22T12:11:52.589-0500 INFO f
2022-09-22T12:11:52.589-0500 INFO f
2022-09-22T12:11:52.589-0500 INFO g
2022-09-22T12:11:52.589-0500 INFO f
2022-09-22T12:11:52.589-0500 INFO d
2022-09-22T12:11:52.589-0500 INFO d
2022-09-22T12:11:52.589-0500 INFO d
2022-09-22T12:11:52.589-0500 INFO h
2022-09-22T12:11:52.589-0500 INFO f
2022-09-22T12:11:52.589-0500 INFO h
2022-09-22T12:11:52.589-0500 INFO g
2022-09-22T12:11:52.590-0500 INFO d
2022-09-22T12:11:52.590-0500 INFO f
2022-09-22T12:11:52.590-0500 INFO s
2022-09-22T12:11:52.590-0500 INFO d
2022-09-22T12:11:52.590-0500 INFO f
2022-09-22T12:11:52.590-0500 INFO d
2022-09-22T12:11:52.590-0500 INFO g
2022-09-22T12:11:52.590-0500 INFO j
2022-09-22T12:11:52.590-0500 INFO u
2022-09-22T12:11:52.590-0500 INFO h
2022-09-22T12:11:52.590-0500 INFO g
2022-09-22T12:11:52.590-0500 INFO r
2022-09-22T12:11:52.590-0500 INFO d
2022-09-22T12:22:41.200-0500 INFO usrjhgfda
2022-09-22T12:22:47.992-0500 INFO d
2022-09-22T12:22:47.999-0500 INFO s
2022-09-22T12:22:48.004-0500 INFO d
2022-09-22T12:22:48.011-0500 INFO s
2022-09-22T12:22:48.016-0500 INFO d
2022-09-22T12:22:48.022-0500 INFO a
2022-09-22T12:22:48.028-0500 INFO a
2022-09-22T12:22:48.033-0500 INFO a
2022-09-22T12:22:48.038-0500 INFO a
2022-09-22T12:22:48.043-0500 INFO f
2022-09-22T12:22:48.047-0500 INFO f
2022-09-22T12:22:48.051-0500 INFO g
2022-09-22T12:22:48.055-0500 INFO f
2022-09-22T12:22:48.058-0500 INFO d
2022-09-22T12:22:48.062-0500 INFO d
2022-09-22T12:22:48.066-0500 INFO d
2022-09-22T12:22:48.069-0500 INFO h
2022-09-22T12:22:48.072-0500 INFO f
2022-09-22T12:22:48.075-0500 INFO h
2022-09-22T12:22:48.078-0500 INFO g
2022-09-22T12:22:48.081-0500 INFO d
2022-09-22T12:22:48.084-0500 INFO f
2022-09-22T12:22:48.087-0500 INFO s
2022-09-22T12:22:48.090-0500 INFO d
2022-09-22T12:22:48.093-0500 INFO f
2022-09-22T12:22:48.095-0500 INFO d
2022-09-22T12:22:48.098-0500 INFO g
2022-09-22T12:22:48.101-0500 INFO j
2022-09-22T12:22:48.103-0500 INFO u
2022-09-22T12:22:48.105-0500 INFO h
2022-09-22T12:22:48.108-0500 INFO g
2022-09-22T12:22:48.110-0500 INFO r
2022-09-22T12:22:48.113-0500 INFO d
2022-09-22T12:23:03.339-0500 INFO Starting ConsumoMsApplication using Java 1.8.0_342 on ehernandez-laptop with PID 21506 (/home/ehernandez/eclipse-workspace/consumo-ms/target/classes started by ehernandez in /home/ehernandez/eclipse-workspace/consumo-ms)
2022-09-22T12:23:03.347-0500 INFO No active profile set, falling back to 1 default profile: "default"
2022-09-22T12:23:05.486-0500 INFO Started ConsumoMsApplication in 2.537 seconds (JVM running for 3.649)
2022-09-22T12:23:17.349-0500 INFO usrjhgfda
2022-09-22T12:27:22.204-0500 INFO Starting ConsumoMsApplication using Java 1.8.0_342 on ehernandez-laptop with PID 22213 (/home/ehernandez/eclipse-workspace/consumo-ms/target/classes started by ehernandez in /home/ehernandez/eclipse-workspace/consumo-ms)
2022-09-22T12:27:22.215-0500 INFO No active profile set, falling back to 1 default profile: "default"
2022-09-22T12:27:25.207-0500 INFO Started ConsumoMsApplication in 3.567 seconds (JVM running for 5.154)
2022-09-22T12:27:39.552-0500 INFO usrjhgfda
2022-09-22T12:29:27.250-0500 INFO Starting ConsumoMsApplication using Java 1.8.0_342 on ehernandez-laptop with PID 22618 (/home/ehernandez/eclipse-workspace/consumo-ms/target/classes started by ehernandez in /home/ehernandez/eclipse-workspace/consumo-ms)
2022-09-22T12:29:27.261-0500 INFO No active profile set, falling back to 1 default profile: "default"
2022-09-22T12:29:30.187-0500 INFO Started ConsumoMsApplication in 3.485 seconds (JVM running for 5.065)
2022-09-22T12:29:38.058-0500 INFO usrjhgfda
2022-09-22T12:29:45.218-0500 ERROR java.lang.NullPointerException
2022-09-22T12:30:10.104-0500 INFO Starting ConsumoMsApplication using Java 1.8.0_342 on ehernandez-laptop with PID 22781 (/home/ehernandez/eclipse-workspace/consumo-ms/target/classes started by ehernandez in /home/ehernandez/eclipse-workspace/consumo-ms)
2022-09-22T12:30:10.117-0500 INFO No active profile set, falling back to 1 default profile: "default"
2022-09-22T12:30:13.127-0500 INFO Started ConsumoMsApplication in 3.611 seconds (JVM running for 5.235)
2022-09-22T12:30:40.327-0500 INFO usrjhgfda
2022-09-22T12:30:54.935-0500 ERROR java.lang.NullPointerException
2022-09-22T12:32:06.893-0500 INFO Starting ConsumoMsApplication using Java 1.8.0_342 on ehernandez-laptop with PID 23477 (/home/ehernandez/eclipse-workspace/consumo-ms/target/classes started by ehernandez in /home/ehernandez/eclipse-workspace/consumo-ms)
2022-09-22T12:32:06.909-0500 INFO No active profile set, falling back to 1 default profile: "default"
2022-09-22T12:32:10.133-0500 INFO Started ConsumoMsApplication in 3.915 seconds (JVM running for 5.53)
2022-09-22T12:32:17.740-0500 INFO usrjhgfda
2022-09-22T12:32:33.858-0500 ERROR java.lang.NullPointerException
2022-09-22T12:33:02.635-0500 INFO Starting ConsumoMsApplication using Java 1.8.0_342 on ehernandez-laptop with PID 23751 (/home/ehernandez/eclipse-workspace/consumo-ms/target/classes started by ehernandez in /home/ehernandez/eclipse-workspace/consumo-ms)
2022-09-22T12:33:02.647-0500 INFO No active profile set, falling back to 1 default profile: "default"
2022-09-22T12:33:05.649-0500 INFO Started ConsumoMsApplication in 3.615 seconds (JVM running for 5.264)
2022-09-22T12:33:13.307-0500 INFO usrjhgfda
2022-09-22T12:33:22.159-0500 INFO u
2022-09-22T12:33:22.165-0500 INFO s
2022-09-22T12:33:22.170-0500 INFO r
2022-09-22T12:33:22.176-0500 INFO j
2022-09-22T12:33:22.181-0500 INFO h
2022-09-22T12:33:22.186-0500 INFO g
2022-09-22T12:33:22.191-0500 INFO f
2022-09-22T12:33:22.197-0500 INFO d
2022-09-22T12:33:22.202-0500 INFO a
2022-09-22T12:39:33.596-0500 INFO Starting ConsumoMsApplication using Java 1.8.0_342 on ehernandez-laptop with PID 26593 (/home/ehernandez/eclipse-workspace/consumo-ms/target/classes started by ehernandez in /home/ehernandez/eclipse-workspace/consumo-ms)
2022-09-22T12:39:33.607-0500 INFO No active profile set, falling back to 1 default profile: "default"
2022-09-22T12:39:53.630-0500 INFO Starting ConsumoMsApplication using Java 1.8.0_342 on ehernandez-laptop with PID 26692 (/home/ehernandez/eclipse-workspace/consumo-ms/target/classes started by ehernandez in /home/ehernandez/eclipse-workspace/consumo-ms)
2022-09-22T12:39:53.647-0500 INFO No active profile set, falling back to 1 default profile: "default"
2022-09-22T12:39:56.732-0500 INFO Started ConsumoMsApplication in 3.7 seconds (JVM running for 5.408)
2022-09-22T12:42:24.891-0500 INFO usrjhgfda
2022-09-22T12:47:16.451-0500 INFO Starting ConsumoMsApplication using Java 1.8.0_342 on ehernandez-laptop with PID 27683 (/home/ehernandez/eclipse-workspace/consumo-ms/target/classes started by ehernandez in /home/ehernandez/eclipse-workspace/consumo-ms)
2022-09-22T12:47:16.472-0500 INFO No active profile set, falling back to 1 default profile: "default"
2022-09-22T12:47:19.490-0500 INFO Started ConsumoMsApplication in 3.648 seconds (JVM running for 5.229)
2022-09-22T12:52:09.891-0500 INFO Starting ConsumoMsApplication using Java 1.8.0_342 on ehernandez-laptop with PID 28389 (/home/ehernandez/eclipse-workspace/consumo-ms/target/classes started by ehernandez in /home/ehernandez/eclipse-workspace/consumo-ms)
2022-09-22T12:52:09.914-0500 INFO No active profile set, falling back to 1 default profile: "default"
2022-09-22T12:52:12.920-0500 INFO Started ConsumoMsApplication in 3.66 seconds (JVM running for 5.273)
2022-09-22T12:52:41.083-0500 INFO usrjhgfda
2022-09-22T12:53:29.145-0500 INFO Starting ConsumoMsApplication using Java 1.8.0_342 on ehernandez-laptop with PID 28648 (/home/ehernandez/eclipse-workspace/consumo-ms/target/classes started by ehernandez in /home/ehernandez/eclipse-workspace/consumo-ms)
2022-09-22T12:53:29.155-0500 INFO No active profile set, falling back to 1 default profile: "default"
2022-09-22T12:53:31.512-0500 INFO Started ConsumoMsApplication in 2.811 seconds (JVM running for 3.794)
2022-09-22T12:53:36.013-0500 INFO usrjhgfda
2022-09-22T12:53:38.329-0500 INFO usrjhgfda
2022-09-22T12:56:40.462-0500 INFO Starting ConsumoMsApplication using Java 1.8.0_342 on ehernandez-laptop with PID 29118 (/home/ehernandez/eclipse-workspace/consumo-ms/target/classes started by ehernandez in /home/ehernandez/eclipse-workspace/consumo-ms)
2022-09-22T12:56:40.479-0500 INFO No active profile set, falling back to 1 default profile: "default"
2022-09-22T12:56:42.869-0500 INFO Started ConsumoMsApplication in 2.857 seconds (JVM running for 3.841)
2022-09-22T12:56:49.764-0500 INFO usrjhgfda
2022-09-22T12:58:24.267-0500 INFO Starting ConsumoMsApplication using Java 1.8.0_342 on ehernandez-laptop with PID 29339 (/home/ehernandez/eclipse-workspace/consumo-ms/target/classes started by ehernandez in /home/ehernandez/eclipse-workspace/consumo-ms)
2022-09-22T12:58:24.276-0500 INFO No active profile set, falling back to 1 default profile: "default"
2022-09-22T12:58:26.583-0500 INFO Started ConsumoMsApplication in 2.747 seconds (JVM running for 3.781)
2022-09-22T12:58:29.509-0500 INFO usrjhgfda
2022-09-22T12:58:52.082-0500 INFO Starting ConsumoMsApplication using Java 1.8.0_342 on ehernandez-laptop with PID 29462 (/home/ehernandez/eclipse-workspace/consumo-ms/target/classes started by ehernandez in /home/ehernandez/eclipse-workspace/consumo-ms)
2022-09-22T12:58:52.093-0500 INFO No active profile set, falling back to 1 default profile: "default"
2022-09-22T12:58:54.523-0500 INFO Started ConsumoMsApplication in 2.909 seconds (JVM running for 3.874)
2022-09-22T12:58:59.295-0500 INFO usrjhgfda
2022-09-22T13:01:02.862-0500 INFO Starting ConsumoMsApplication using Java 1.8.0_342 on ehernandez-laptop with PID 29959 (/home/ehernandez/eclipse-workspace/consumo-ms/target/classes started by ehernandez in /home/ehernandez/eclipse-workspace/consumo-ms)
2022-09-22T13:01:02.871-0500 INFO No active profile set, falling back to 1 default profile: "default"
2022-09-22T13:01:05.298-0500 INFO Started ConsumoMsApplication in 2.858 seconds (JVM running for 3.814)
2022-09-22T13:01:58.502-0500 INFO usrjhgfda
2022-09-22T13:08:20.994-0500 INFO Starting ConsumoMsApplication using Java 1.8.0_342 on ehernandez-laptop with PID 31354 (/home/ehernandez/eclipse-workspace/consumo-ms/target/classes started by ehernandez in /home/ehernandez/eclipse-workspace/consumo-ms)
2022-09-22T13:08:21.002-0500 INFO No active profile set, falling back to 1 default profile: "default"
2022-09-22T13:08:23.333-0500 INFO Started ConsumoMsApplication in 2.763 seconds (JVM running for 3.757)
2022-09-22T13:08:28.151-0500 INFO usrjhgfda
2022-09-22T14:50:55.192-0500 INFO Starting ConsumoMsApplication using Java 1.8.0_342 on ehernandez-laptop with PID 37232 (/home/ehernandez/eclipse-workspace/consumo-ms/target/classes started by ehernandez in /home/ehernandez/eclipse-workspace/consumo-ms)
2022-09-22T14:50:55.209-0500 INFO No active profile set, falling back to 1 default profile: "default"
2022-09-22T14:50:57.483-0500 INFO Started ConsumoMsApplication in 2.694 seconds (JVM running for 3.614)
2022-09-22T14:51:01.413-0500 INFO usrjhgfda
2022-09-22T14:51:01.414-0500 INFO adfghjrsu
2022-09-22T14:54:05.600-0500 INFO usrjhgfda
2022-09-22T14:54:05.601-0500 INFO adfghjrsu
2022-09-22T14:54:10.807-0500 INFO usrjhgfda
2022-09-22T14:54:10.807-0500 INFO adfghjrsu
2022-09-22T14:54:15.575-0500 INFO usrjhgfda
2022-09-22T14:54:15.576-0500 INFO adfghjrsu
2022-09-22T14:56:52.574-0500 INFO Starting ConsumoMsApplication using Java 1.8.0_342 on ehernandez-laptop with PID 39054 (/home/ehernandez/eclipse-workspace/consumo-ms/target/classes started by ehernandez in /home/ehernandez/eclipse-workspace/consumo-ms)
2022-09-22T14:56:52.582-0500 INFO No active profile set, falling back to 1 default profile: "default"
2022-09-22T14:56:54.860-0500 INFO Started ConsumoMsApplication in 2.7 seconds (JVM running for 3.593)
2022-09-22T14:56:59.819-0500 INFO usrjhgfda
2022-09-22T14:56:59.820-0500 INFO adfghjrsu
2022-09-22T14:57:47.455-0500 INFO Starting ConsumoMsApplication using Java 1.8.0_342 on ehernandez-laptop with PID 39285 (/home/ehernandez/eclipse-workspace/consumo-ms/target/classes started by ehernandez in /home/ehernandez/eclipse-workspace/consumo-ms)
2022-09-22T14:57:47.463-0500 INFO No active profile set, falling back to 1 default profile: "default"
2022-09-22T14:57:49.774-0500 INFO Started ConsumoMsApplication in 2.73 seconds (JVM running for 3.662)
2022-09-22T14:57:52.186-0500 INFO usrjhgfda
2022-09-22T14:57:52.187-0500 INFO adfghjrsu
2022-09-22T15:00:57.748-0500 INFO Starting ConsumoMsApplication using Java 1.8.0_342 on ehernandez-laptop with PID 40095 (/home/ehernandez/eclipse-workspace/consumo-ms/target/classes started by ehernandez in /home/ehernandez/eclipse-workspace/consumo-ms)
2022-09-22T15:00:57.756-0500 INFO No active profile set, falling back to 1 default profile: "default"
2022-09-22T15:00:59.985-0500 INFO Started ConsumoMsApplication in 2.634 seconds (JVM running for 3.51)
2022-09-22T15:01:04.353-0500 INFO usrjhgfda
2022-09-22T15:01:04.354-0500 INFO adfghjrsu
2022-09-22T16:21:35.295-0500 INFO Starting ConsumoMsApplication using Java 1.8.0_342 on ehernandez-laptop with PID 43346 (/home/ehernandez/eclipse-workspace/consumo-ms/target/classes started by ehernandez in /home/ehernandez/eclipse-workspace/consumo-ms)
2022-09-22T16:21:35.302-0500 INFO No active profile set, falling back to 1 default profile: "default"
2022-09-22T16:21:36.951-0500 INFO Started ConsumoMsApplication in 1.964 seconds (JVM running for 2.695)
2022-09-22T16:22:17.463-0500 INFO usrjhgfda
2022-09-22T16:22:17.464-0500 INFO adfghjrsu
2022-09-22T16:22:17.465-0500 ERROR java.lang.NullPointerException
2022-09-22T16:22:47.944-0500 INFO Starting ConsumoMsApplication using Java 1.8.0_342 on ehernandez-laptop with PID 43520 (/home/ehernandez/eclipse-workspace/consumo-ms/target/classes started by ehernandez in /home/ehernandez/eclipse-workspace/consumo-ms)
2022-09-22T16:22:47.952-0500 INFO No active profile set, falling back to 1 default profile: "default"
2022-09-22T16:22:49.896-0500 INFO Started ConsumoMsApplication in 2.318 seconds (JVM running for 3.415)
2022-09-22T16:23:00.451-0500 INFO usrjhgfda
2022-09-22T16:23:00.454-0500 INFO adfghjrsu
2022-09-22T16:23:22.971-0500 ERROR java.lang.NullPointerException
2022-09-22T16:29:59.338-0500 INFO Starting ConsumoMsApplication using Java 1.8.0_342 on ehernandez-laptop with PID 44848 (/home/ehernandez/eclipse-workspace/consumo-ms/target/classes started by ehernandez in /home/ehernandez/eclipse-workspace/consumo-ms)
2022-09-22T16:29:59.346-0500 INFO No active profile set, falling back to 1 default profile: "default"
2022-09-22T16:30:01.397-0500 INFO Started ConsumoMsApplication in 2.47 seconds (JVM running for 3.624)
2022-09-22T16:31:40.179-0500 INFO usrjhgfda
2022-09-22T16:31:40.182-0500 INFO adfghjrsu
2022-09-22T16:33:27.122-0500 INFO Starting ConsumoMsApplication using Java 1.8.0_342 on ehernandez-laptop with PID 45283 (/home/ehernandez/eclipse-workspace/consumo-ms/target/classes started by ehernandez in /home/ehernandez/eclipse-workspace/consumo-ms)
2022-09-22T16:33:27.131-0500 INFO No active profile set, falling back to 1 default profile: "default"
2022-09-22T16:33:29.266-0500 INFO Started ConsumoMsApplication in 2.542 seconds (JVM running for 3.701)
2022-09-22T16:33:36.189-0500 INFO usrjhgfda
2022-09-22T16:33:36.192-0500 INFO adfghjrsu
2022-09-22T16:44:47.846-0500 INFO Starting ConsumoMsApplication using Java 1.8.0_342 on ehernandez-laptop with PID 46489 (/home/ehernandez/eclipse-workspace/consumo-ms/target/classes started by ehernandez in /home/ehernandez/eclipse-workspace/consumo-ms)
2022-09-22T16:44:47.853-0500 INFO No active profile set, falling back to 1 default profile: "default"
2022-09-22T16:44:49.513-0500 INFO Started ConsumoMsApplication in 2.002 seconds (JVM running for 2.716)
2022-09-22T16:45:07.385-0500 INFO Starting ConsumoMsApplication using Java 1.8.0_342 on ehernandez-laptop with PID 46597 (/home/ehernandez/eclipse-workspace/consumo-ms/target/classes started by ehernandez in /home/ehernandez/eclipse-workspace/consumo-ms)
2022-09-22T16:45:07.391-0500 INFO No active profile set, falling back to 1 default profile: "default"
2022-09-22T16:45:09.098-0500 INFO Started ConsumoMsApplication in 2.025 seconds (JVM running for 2.746)
2022-09-22T16:45:11.841-0500 INFO adfghjrsu
2022-09-22T16:45:11.842-0500 INFO adfghjrsu
2022-09-22T16:46:09.725-0500 INFO Starting ConsumoMsApplication using Java 1.8.0_342 on ehernandez-laptop with PID 46847 (/home/ehernandez/eclipse-workspace/consumo-ms/target/classes started by ehernandez in /home/ehernandez/eclipse-workspace/consumo-ms)
2022-09-22T16:46:09.732-0500 INFO No active profile set, falling back to 1 default profile: "default"
2022-09-22T16:46:11.349-0500 INFO Started ConsumoMsApplication in 1.973 seconds (JVM running for 2.715)
2022-09-22T16:46:19.626-0500 INFO Starting ConsumoMsApplication using Java 1.8.0_342 on ehernandez-laptop with PID 46961 (/home/ehernandez/eclipse-workspace/consumo-ms/target/classes started by ehernandez in /home/ehernandez/eclipse-workspace/consumo-ms)
2022-09-22T16:46:19.633-0500 INFO No active profile set, falling back to 1 default profile: "default"
2022-09-22T16:46:21.233-0500 INFO Started ConsumoMsApplication in 1.913 seconds (JVM running for 2.58)
2022-09-22T16:46:24.454-0500 INFO usrjhgfda
2022-09-22T16:46:24.454-0500 INFO usrjhgfda
