2022-09-21T18:38:46.580-0500 INFO Starting ConsumoMsApplication using Java 1.8.0_342 on ehernandez-laptop with PID 31816 (/home/ehernandez/eclipse-workspace/consumo-ms/target/classes started by ehernandez in /home/ehernandez/eclipse-workspace/consumo-ms)
2022-09-21T18:38:46.587-0500 INFO No active profile set, falling back to 1 default profile: "default"
2022-09-21T18:39:18.935-0500 INFO Starting ConsumoMsApplication using Java 1.8.0_342 on ehernandez-laptop with PID 31928 (/home/ehernandez/eclipse-workspace/consumo-ms/target/classes started by ehernandez in /home/ehernandez/eclipse-workspace/consumo-ms)
2022-09-21T18:39:18.942-0500 DEBUG Running with Spring Boot v2.6.8, Spring v5.3.20
2022-09-21T18:39:18.942-0500 INFO No active profile set, falling back to 1 default profile: "default"
2022-09-21T18:40:10.366-0500 INFO Starting ConsumoMsApplication using Java 1.8.0_342 on ehernandez-laptop with PID 32063 (/home/ehernandez/eclipse-workspace/consumo-ms/target/classes started by ehernandez in /home/ehernandez/eclipse-workspace/consumo-ms)
2022-09-21T18:40:10.372-0500 INFO No active profile set, falling back to 1 default profile: "default"
2022-09-21T18:41:42.839-0500 INFO Starting ConsumoMsApplication using Java 1.8.0_342 on ehernandez-laptop with PID 32466 (/home/ehernandez/eclipse-workspace/consumo-ms/target/classes started by ehernandez in /home/ehernandez/eclipse-workspace/consumo-ms)
2022-09-21T18:41:42.846-0500 INFO No active profile set, falling back to 1 default profile: "default"
2022-09-21T18:41:44.475-0500 INFO Started ConsumoMsApplication in 1.946 seconds (JVM running for 2.533)
2022-09-21T19:05:29.467-0500 INFO Starting ConsumoMsApplication using Java 1.8.0_342 on ehernandez-laptop with PID 37063 (/home/ehernandez/eclipse-workspace/consumo-ms/target/classes started by ehernandez in /home/ehernandez/eclipse-workspace/consumo-ms)
2022-09-21T19:05:29.474-0500 INFO No active profile set, falling back to 1 default profile: "default"
2022-09-21T19:06:00.065-0500 INFO Starting ConsumoMsApplication using Java 1.8.0_342 on ehernandez-laptop with PID 37163 (/home/ehernandez/eclipse-workspace/consumo-ms/target/classes started by ehernandez in /home/ehernandez/eclipse-workspace/consumo-ms)
2022-09-21T19:06:00.070-0500 INFO No active profile set, falling back to 1 default profile: "default"
2022-09-21T19:09:24.531-0500 INFO Starting ConsumoMsApplication using Java 1.8.0_342 on ehernandez-laptop with PID 37824 (/home/ehernandez/eclipse-workspace/consumo-ms/target/classes started by ehernandez in /home/ehernandez/eclipse-workspace/consumo-ms)
2022-09-21T19:09:24.539-0500 INFO No active profile set, falling back to 1 default profile: "default"
2022-09-21T19:10:02.510-0500 INFO Starting ConsumoMsApplication using Java 1.8.0_342 on ehernandez-laptop with PID 38177 (/home/ehernandez/eclipse-workspace/consumo-ms/target/classes started by ehernandez in /home/ehernandez/eclipse-workspace/consumo-ms)
2022-09-21T19:10:02.517-0500 INFO No active profile set, falling back to 1 default profile: "default"
2022-09-21T19:10:04.401-0500 INFO Started ConsumoMsApplication in 2.273 seconds (JVM running for 3.358)
2022-09-21T19:12:22.942-0500 INFO Starting ConsumoMsApplication using Java 1.8.0_342 on ehernandez-laptop with PID 38520 (/home/ehernandez/eclipse-workspace/consumo-ms/target/classes started by ehernandez in /home/ehernandez/eclipse-workspace/consumo-ms)
2022-09-21T19:12:22.951-0500 INFO No active profile set, falling back to 1 default profile: "default"
2022-09-21T19:12:24.770-0500 INFO Started ConsumoMsApplication in 2.193 seconds (JVM running for 3.215)
2022-09-21T19:14:44.030-0500 ERROR org.springframework.web.client.ResourceAccessException: I/O error on POST request for "http://192.168.3.39:8089/prueba/peticionPost": Connect to 192.168.3.39:8089 [/192.168.3.39] failed: Connection refused (Connection refused); nested exception is org.apache.http.conn.HttpHostConnectException: Connect to 192.168.3.39:8089 [/192.168.3.39] failed: Connection refused (Connection refused)
2022-09-21T19:21:01.721-0500 INFO Starting ConsumoMsApplication using Java 1.8.0_342 on ehernandez-laptop with PID 39731 (/home/ehernandez/eclipse-workspace/consumo-ms/target/classes started by ehernandez in /home/ehernandez/eclipse-workspace/consumo-ms)
2022-09-21T19:21:01.732-0500 INFO No active profile set, falling back to 1 default profile: "default"
2022-09-21T19:21:03.720-0500 INFO Started ConsumoMsApplication in 2.361 seconds (JVM running for 3.432)
2022-09-21T19:21:48.872-0500 INFO Starting ConsumoMsApplication using Java 1.8.0_342 on ehernandez-laptop with PID 39892 (/home/ehernandez/eclipse-workspace/consumo-ms/target/classes started by ehernandez in /home/ehernandez/eclipse-workspace/consumo-ms)
2022-09-21T19:21:48.880-0500 INFO No active profile set, falling back to 1 default profile: "default"
2022-09-21T19:21:50.768-0500 INFO Started ConsumoMsApplication in 2.249 seconds (JVM running for 3.293)
2022-09-21T19:21:55.467-0500 ERROR org.springframework.web.HttpRequestMethodNotSupportedException: Request method 'POST' not supported
2022-09-21T19:22:55.065-0500 INFO [Ljava.lang.String;@7ff04f55
2022-09-21T19:23:49.768-0500 INFO Starting ConsumoMsApplication using Java 1.8.0_342 on ehernandez-laptop with PID 40336 (/home/ehernandez/eclipse-workspace/consumo-ms/target/classes started by ehernandez in /home/ehernandez/eclipse-workspace/consumo-ms)
2022-09-21T19:23:49.776-0500 INFO No active profile set, falling back to 1 default profile: "default"
2022-09-21T19:23:51.630-0500 INFO Started ConsumoMsApplication in 2.216 seconds (JVM running for 3.234)
2022-09-21T19:24:28.699-0500 INFO ds
2022-09-21T19:24:51.721-0500 INFO dsafghjur
2022-09-21T19:39:13.296-0500 INFO dsafghjur
2022-09-21T19:39:26.095-0500 INFO Starting ConsumoMsApplication using Java 1.8.0_342 on ehernandez-laptop with PID 42716 (/home/ehernandez/eclipse-workspace/consumo-ms/target/classes started by ehernandez in /home/ehernandez/eclipse-workspace/consumo-ms)
2022-09-21T19:39:26.100-0500 INFO No active profile set, falling back to 1 default profile: "default"
2022-09-21T19:39:27.695-0500 INFO Started ConsumoMsApplication in 1.883 seconds (JVM running for 2.512)
2022-09-21T19:39:30.133-0500 INFO usrjhgfda
